Arguments: 
  C:\Program Files (x86)\nodejs\node.exe C:\Users\Paul\AppData\Roaming\npm\node_modules\yarn\bin\yarn.js add @type/jquery --dev

PATH: 
  C:\Program Files (x86)\Razer Chroma SDK\bin;C:\Program Files\Razer Chroma SDK\bin;C:\ProgramData\Oracle\Java\javapath;C:\Program Files (x86)\Intel\iCLS Client\;C:\Program Files\Intel\iCLS Client\;C:\Windows\system32;C:\Windows;C:\Windows\System32\Wbem;C:\Windows\System32\WindowsPowerShell\v1.0\;C:\Program Files (x86)\NVIDIA Corporation\PhysX\Common;C:\Program Files (x86)\Intel\Intel(R) Management Engine Components\DAL;C:\Program Files\Intel\Intel(R) Management Engine Components\DAL;C:\Program Files (x86)\Intel\Intel(R) Management Engine Components\IPT;C:\Program Files\Intel\Intel(R) Management Engine Components\IPT;C:\Program Files\Intel\WiFi\bin\;C:\Program Files\Common Files\Intel\WirelessCommon\;C:\WINDOWS\system32;C:\WINDOWS;C:\WINDOWS\System32\Wbem;C:\WINDOWS\System32\WindowsPowerShell\v1.0\;C:\WINDOWS\system32\config\systemprofile\.dnx\bin;C:\Program Files\Microsoft DNX\Dnvm\;C:\Program Files\Microsoft SQL Server\120\Tools\Binn\;C:\Program Files\Microsoft SQL Server\130\Tools\Binn\;C:\Program Files (x86)\Windows Kits\10\Windows Performance Toolkit\;C:\Program Files\Git\cmd;C:\Program Files\Git\mingw64\bin;C:\Program Files\Git\usr\bin;C:\WINDOWS\system32\config\systemprofile\AppData\Local\Microsoft\WindowsApps;C:\WINDOWS\system32\config\systemprofile\.dnx\bin;C:\Program Files\dotnet\;C:\Program Files (x86)\nodejs\;C:\WINDOWS\system32;C:\WINDOWS;C:\WINDOWS\System32\Wbem;C:\WINDOWS\System32\WindowsPowerShell\v1.0\;C:\WINDOWS\System32\OpenSSH\;C:\Users\Paul\AppData\Local\Microsoft\WindowsApps;C:\Program Files\Microsoft VS Code\bin;C:\Users\Paul\AppData\Roaming\npm;

Yarn version: 
  1.7.0

Node version: 
  10.3.0

Platform: 
  win32 x64

Trace: 
  Error: https://registry.yarnpkg.com/@type%2fjquery: Not found
      at Request.params.callback [as _callback] (C:\Users\Paul\AppData\Roaming\npm\node_modules\yarn\lib\cli.js:65656:18)
      at Request.self.callback (C:\Users\Paul\AppData\Roaming\npm\node_modules\yarn\lib\cli.js:134675:22)
      at Request.emit (events.js:182:13)
      at Request.<anonymous> (C:\Users\Paul\AppData\Roaming\npm\node_modules\yarn\lib\cli.js:135658:10)
      at Request.emit (events.js:182:13)
      at IncomingMessage.<anonymous> (C:\Users\Paul\AppData\Roaming\npm\node_modules\yarn\lib\cli.js:135578:12)
      at Object.onceWrapper (events.js:273:13)
      at IncomingMessage.emit (events.js:187:15)
      at endReadableNT (_stream_readable.js:1090:12)
      at process._tickCallback (internal/process/next_tick.js:63:19)

npm manifest: 
  {
    "name": "comp125-s2018-lession8",
    "version": "0.0.1",
    "description": "COMP125 Demo for OOP",
    "main": "index.js",
    "author": "Kien Luong Ly",
    "license": "MIT"
  }

yarn manifest: 
  No manifest

Lockfile: 
  No lockfile
